# JRE version: OpenJDK Runtime Environment (8.0_202-b03) (build 1.8.0_202-release-1483-b03)
# Java VM: OpenJDK 64-Bit Server VM (25.202-b03 mixed mode windows-amd64 compressed oops)
Heap:
 PSYoungGen      total 111104K, used 20524K [0x00000000eb200000, 0x00000000f3180000, 0x0000000100000000)
  eden space 92672K, 22% used [0x00000000eb200000,0x00000000ec60b328,0x00000000f0c80000)
  from space 18432K, 0% used [0x00000000f1f80000,0x00000000f1f80000,0x00000000f3180000)
  to   space 18944K, 0% used [0x00000000f0c80000,0x00000000f0c80000,0x00000000f1f00000)
 ParOldGen       total 82944K, used 43790K [0x00000000c1600000, 0x00000000c6700000, 0x00000000eb200000)
  object space 82944K, 52% used [0x00000000c1600000,0x00000000c40c3980,0x00000000c6700000)
 Metaspace       used 58828K, capacity 59878K, committed 60312K, reserved 1101824K
  class space    used 7115K, capacity 7409K, committed 7472K, reserved 1048576K
GC Heap History (10 events):
Event: 29.007 GC heap before
{Heap before GC invocations=13 (full 2):
 PSYoungGen      total 59392K, used 48128K [0x00000000eb200000, 0x00000000ef800000, 0x0000000100000000)
  eden space 48128K, 100% used [0x00000000eb200000,0x00000000ee100000,0x00000000ee100000)
  from space 11264K, 0% used [0x00000000eed00000,0x00000000eed00000,0x00000000ef800000)
  to   space 11776K, 0% used [0x00000000ee100000,0x00000000ee100000,0x00000000eec80000)
 ParOldGen       total 45568K, used 17693K [0x00000000c1600000, 0x00000000c4280000, 0x00000000eb200000)
  object space 45568K, 38% used [0x00000000c1600000,0x00000000c2747730,0x00000000c4280000)
 Metaspace       used 37964K, capacity 38498K, committed 38832K, reserved 1083392K
  class space    used 4795K, capacity 4929K, committed 5040K, reserved 1048576K
Event: 29.027 GC heap after
Heap after GC invocations=13 (full 2):
 PSYoungGen      total 59904K, used 7951K [0x00000000eb200000, 0x00000000f0c00000, 0x0000000100000000)
  eden space 48128K, 0% used [0x00000000eb200000,0x00000000eb200000,0x00000000ee100000)
  from space 11776K, 67% used [0x00000000ee100000,0x00000000ee8c3ee0,0x00000000eec80000)
  to   space 11776K, 0% used [0x00000000f0080000,0x00000000f0080000,0x00000000f0c00000)
 ParOldGen       total 45568K, used 17701K [0x00000000c1600000, 0x00000000c4280000, 0x00000000eb200000)
  object space 45568K, 38% used [0x00000000c1600000,0x00000000c2749730,0x00000000c4280000)
 Metaspace       used 37964K, capacity 38498K, committed 38832K, reserved 1083392K
  class space    used 4795K, capacity 4929K, committed 5040K, reserved 1048576K
}
Event: 34.879 GC heap before
{Heap before GC invocations=14 (full 2):
 PSYoungGen      total 59904K, used 56079K [0x00000000eb200000, 0x00000000f0c00000, 0x0000000100000000)
  eden space 48128K, 100% used [0x00000000eb200000,0x00000000ee100000,0x00000000ee100000)
  from space 11776K, 67% used [0x00000000ee100000,0x00000000ee8c3ee0,0x00000000eec80000)
  to   space 11776K, 0% used [0x00000000f0080000,0x00000000f0080000,0x00000000f0c00000)
 ParOldGen       total 45568K, used 17701K [0x00000000c1600000, 0x00000000c4280000, 0x00000000eb200000)
  object space 45568K, 38% used [0x00000000c1600000,0x00000000c2749730,0x00000000c4280000)
 Metaspace       used 40777K, capacity 41392K, committed 41776K, reserved 1085440K
  class space    used 4972K, capacity 5112K, committed 5168K, reserved 1048576K
Event: 35.139 GC heap after
Heap after GC invocations=14 (full 2):
 PSYoungGen      total 78848K, used 11246K [0x00000000eb200000, 0x00000000f0f00000, 0x0000000100000000)
  eden space 67072K, 0% used [0x00000000eb200000,0x00000000eb200000,0x00000000ef380000)
  from space 11776K, 95% used [0x00000000f0080000,0x00000000f0b7bbc0,0x00000000f0c00000)
  to   space 13312K, 0% used [0x00000000ef380000,0x00000000ef380000,0x00000000f0080000)
 ParOldGen       total 45568K, used 21417K [0x00000000c1600000, 0x00000000c4280000, 0x00000000eb200000)
  object space 45568K, 47% used [0x00000000c1600000,0x00000000c2aea450,0x00000000c4280000)
 Metaspace       used 40777K, capacity 41392K, committed 41776K, reserved 1085440K
  class space    used 4972K, capacity 5112K, committed 5168K, reserved 1048576K
}
Event: 42.259 GC heap before
{Heap before GC invocations=15 (full 2):
 PSYoungGen      total 78848K, used 78318K [0x00000000eb200000, 0x00000000f0f00000, 0x0000000100000000)
  eden space 67072K, 100% used [0x00000000eb200000,0x00000000ef380000,0x00000000ef380000)
  from space 11776K, 95% used [0x00000000f0080000,0x00000000f0b7bbc0,0x00000000f0c00000)
  to   space 13312K, 0% used [0x00000000ef380000,0x00000000ef380000,0x00000000f0080000)
 ParOldGen       total 45568K, used 21417K [0x00000000c1600000, 0x00000000c4280000, 0x00000000eb200000)
  object space 45568K, 47% used [0x00000000c1600000,0x00000000c2aea450,0x00000000c4280000)
 Metaspace       used 49707K, capacity 50686K, committed 50992K, reserved 1093632K
  class space    used 6161K, capacity 6445K, committed 6448K, reserved 1048576K
Event: 42.341 GC heap after
Heap after GC invocations=15 (full 2):
 PSYoungGen      total 80384K, used 13300K [0x00000000eb200000, 0x00000000f3200000, 0x0000000100000000)
  eden space 67072K, 0% used [0x00000000eb200000,0x00000000eb200000,0x00000000ef380000)
  from space 13312K, 99% used [0x00000000ef380000,0x00000000f007d180,0x00000000f0080000)
  to   space 18944K, 0% used [0x00000000f1f80000,0x00000000f1f80000,0x00000000f3200000)
 ParOldGen       total 45568K, used 32471K [0x00000000c1600000, 0x00000000c4280000, 0x00000000eb200000)
  object space 45568K, 71% used [0x00000000c1600000,0x00000000c35b5ec0,0x00000000c4280000)
 Metaspace       used 49707K, capacity 50686K, committed 50992K, reserved 1093632K
  class space    used 6161K, capacity 6445K, committed 6448K, reserved 1048576K
}
Event: 48.486 GC heap before
{Heap before GC invocations=16 (full 2):
 PSYoungGen      total 80384K, used 69480K [0x00000000eb200000, 0x00000000f3200000, 0x0000000100000000)
  eden space 67072K, 83% used [0x00000000eb200000,0x00000000ee8dced8,0x00000000ef380000)
  from space 13312K, 99% used [0x00000000ef380000,0x00000000f007d180,0x00000000f0080000)
  to   space 18944K, 0% used [0x00000000f1f80000,0x00000000f1f80000,0x00000000f3200000)
 ParOldGen       total 45568K, used 32471K [0x00000000c1600000, 0x00000000c4280000, 0x00000000eb200000)
  object space 45568K, 71% used [0x00000000c1600000,0x00000000c35b5ec0,0x00000000c4280000)
 Metaspace       used 57767K, capacity 58826K, committed 59160K, reserved 1101824K
  class space    used 7038K, capacity 7321K, committed 7344K, reserved 1048576K
Event: 48.658 GC heap after
Heap after GC invocations=16 (full 2):
 PSYoungGen      total 111104K, used 10513K [0x00000000eb200000, 0x00000000f3180000, 0x0000000100000000)
  eden space 92672K, 0% used [0x00000000eb200000,0x00000000eb200000,0x00000000f0c80000)
  from space 18432K, 57% used [0x00000000f1f80000,0x00000000f29c4630,0x00000000f3180000)
  to   space 18944K, 0% used [0x00000000f0c80000,0x00000000f0c80000,0x00000000f1f00000)
 ParOldGen       total 45568K, used 41793K [0x00000000c1600000, 0x00000000c4280000, 0x00000000eb200000)
  object space 45568K, 91% used [0x00000000c1600000,0x00000000c3ed0678,0x00000000c4280000)
 Metaspace       used 57767K, capacity 58826K, committed 59160K, reserved 1101824K
  class space    used 7038K, capacity 7321K, committed 7344K, reserved 1048576K
}
Event: 48.658 GC heap before
{Heap before GC invocations=17 (full 3):
 PSYoungGen      total 111104K, used 10513K [0x00000000eb200000, 0x00000000f3180000, 0x0000000100000000)
  eden space 92672K, 0% used [0x00000000eb200000,0x00000000eb200000,0x00000000f0c80000)
  from space 18432K, 57% used [0x00000000f1f80000,0x00000000f29c4630,0x00000000f3180000)
  to   space 18944K, 0% used [0x00000000f0c80000,0x00000000f0c80000,0x00000000f1f00000)
 ParOldGen       total 45568K, used 41793K [0x00000000c1600000, 0x00000000c4280000, 0x00000000eb200000)
  object space 45568K, 91% used [0x00000000c1600000,0x00000000c3ed0678,0x00000000c4280000)
 Metaspace       used 57767K, capacity 58826K, committed 59160K, reserved 1101824K
  class space    used 7038K, capacity 7321K, committed 7344K, reserved 1048576K
Event: 49.560 GC heap after
Heap after GC invocations=17 (full 3):
 PSYoungGen      total 111104K, used 0K [0x00000000eb200000, 0x00000000f3180000, 0x0000000100000000)
  eden space 92672K, 0% used [0x00000000eb200000,0x00000000eb200000,0x00000000f0c80000)
  from space 18432K, 0% used [0x00000000f1f80000,0x00000000f1f80000,0x00000000f3180000)
  to   space 18944K, 0% used [0x00000000f0c80000,0x00000000f0c80000,0x00000000f1f00000)
 ParOldGen       total 82944K, used 43790K [0x00000000c1600000, 0x00000000c6700000, 0x00000000eb200000)
  object space 82944K, 52% used [0x00000000c1600000,0x00000000c40c3980,0x00000000c6700000)
 Metaspace       used 57767K, capacity 58826K, committed 59160K, reserved 1101824K
  class space    used 7038K, capacity 7321K, committed 7344K, reserved 1048576K
}

